[[22:35:13]] [LOG] GaragePi listening on port: 8000
[0mGET / [32m200 [0m58.853 ms - 1714[0m
[0mGET /javascripts/jquery-2.1.1.min.js [36m304 [0m10.248 ms - -[0m
events.js:183
      throw er; // Unhandled 'error' event
      ^

Error: listen EADDRINUSE :::8000
    at Object._errnoException (util.js:1022:11)
    at _exceptionWithHostPort (util.js:1044:20)
    at Server.setupListenHandle [as _listen2] (net.js:1367:14)
    at listenInCluster (net.js:1408:12)
    at Server.listen (net.js:1492:7)
    at Object.<anonymous> (/home/pi/node-garagepi/garagepi.js:104:8)
    at Module._compile (module.js:652:30)
    at Object.Module._extensions..js (module.js:663:10)
    at Module.load (module.js:565:32)
    at tryModuleLoad (module.js:505:12)
[[22:37:20]] [LOG] GaragePi listening on port: 8000
[0mGET / [32m200 [0m55.207 ms - 1714[0m
[0mGET /javascripts/jquery-2.1.1.min.js [36m304 [0m10.610 ms - -[0m
[0mGET / [36m304 [0m21.050 ms - -[0m
[0mGET /javascripts/jquery-2.1.1.min.js [36m304 [0m4.252 ms - -[0m
[0mGET / [36m304 [0m13.204 ms - -[0m
[0mGET /javascripts/jquery-2.1.1.min.js [36m304 [0m15.706 ms - -[0m
[0mGET / [36m304 [0m12.519 ms - -[0m
[0mGET /javascripts/jquery-2.1.1.min.js [36m304 [0m4.775 ms - -[0m
[0mGET / [36m304 [0m12.527 ms - -[0m
[0mGET /javascripts/jquery-2.1.1.min.js [36m304 [0m4.665 ms - -[0m
[0mGET / [36m304 [0m17.481 ms - -[0m
[0mGET /javascripts/jquery-2.1.1.min.js [36m304 [0m5.825 ms - -[0m
[0mGET / [36m304 [0m6.443 ms - -[0m
[0mGET /javascripts/jquery-2.1.1.min.js [36m304 [0m4.729 ms - -[0m
[0mGET / [36m304 [0m6.527 ms - -[0m
[0mGET /javascripts/jquery-2.1.1.min.js [36m304 [0m4.857 ms - -[0m
[0mGET / [36m304 [0m6.580 ms - -[0m
[0mGET /javascripts/jquery-2.1.1.min.js [36m304 [0m4.667 ms - -[0m
[0mGET / [36m304 [0m6.403 ms - -[0m
[0mGET /javascripts/jquery-2.1.1.min.js [36m304 [0m4.791 ms - -[0m
[0mGET / [36m304 [0m6.438 ms - -[0m
[0mGET /javascripts/jquery-2.1.1.min.js [36m304 [0m4.681 ms - -[0m
[0mGET / [36m304 [0m6.512 ms - -[0m
[0mGET /javascripts/jquery-2.1.1.min.js [36m304 [0m3.229 ms - -[0m
[0mGET / [36m304 [0m6.510 ms - -[0m
[0mGET /javascripts/jquery-2.1.1.min.js [36m304 [0m4.667 ms - -[0m
[0mGET / [36m304 [0m6.357 ms - -[0m
[0mGET /javascripts/jquery-2.1.1.min.js [36m304 [0m3.229 ms - -[0m
[0mGET / [36m304 [0m3.784 ms - -[0m
[0mGET /javascripts/jquery-2.1.1.min.js [36m304 [0m4.661 ms - -[0m
[0mGET / [36m304 [0m6.704 ms - -[0m
[0mGET /javascripts/jquery-2.1.1.min.js [36m304 [0m4.990 ms - -[0m
[0mGET / [36m304 [0m17.676 ms - -[0m
[0mGET /javascripts/jquery-2.1.1.min.js [36m304 [0m6.160 ms - -[0m
[0mGET / [36m304 [0m22.149 ms - -[0m
[0mGET /javascripts/jquery-2.1.1.min.js [36m304 [0m10.670 ms - -[0m
[0mGET / [36m304 [0m17.393 ms - -[0m
[0mGET /javascripts/jquery-2.1.1.min.js [36m304 [0m5.305 ms - -[0m
[0mGET / [36m304 [0m12.942 ms - -[0m
[0mGET /javascripts/jquery-2.1.1.min.js [36m304 [0m3.385 ms - -[0m
[0mGET / [36m304 [0m13.165 ms - -[0m
[0mGET /javascripts/jquery-2.1.1.min.js [36m304 [0m4.746 ms - -[0m
[0mGET / [32m200 [0m21.127 ms - 1714[0m
[0mGET / [32m200 [0m7.327 ms - 1714[0m
[0mGET /javascripts/jquery-2.1.1.min.js [32m200 [0m146.845 ms - 84245[0m
[0mGET /favicon.ico [33m404 [0m26.119 ms - 1080[0m
[[23:16:57]] [ERROR] Error: Not Found
    at /home/pi/node-garagepi/garagepi.js:66:13
    at Layer.handle [as handle_request] (/home/pi/node-garagepi/node_modules/express/lib/router/layer.js:95:5)
    at trim_prefix (/home/pi/node-garagepi/node_modules/express/lib/router/index.js:317:13)
    at /home/pi/node-garagepi/node_modules/express/lib/router/index.js:284:7
    at Function.process_params (/home/pi/node-garagepi/node_modules/express/lib/router/index.js:335:12)
    at next (/home/pi/node-garagepi/node_modules/express/lib/router/index.js:275:10)
    at SendStream.error (/home/pi/node-garagepi/node_modules/express/node_modules/serve-static/index.js:121:7)
    at emitOne (events.js:116:13)
    at SendStream.emit (events.js:211:7)
    at SendStream.error (/home/pi/node-garagepi/node_modules/express/node_modules/send/index.js:270:17)
[0mGET / [36m304 [0m6.896 ms - -[0m
[0mGET /javascripts/jquery-2.1.1.min.js [36m304 [0m3.307 ms - -[0m
[0mGET / [32m200 [0m12.632 ms - 1714[0m
[0mGET / [36m304 [0m6.965 ms - -[0m
[0mGET /javascripts/jquery-2.1.1.min.js [36m304 [0m3.567 ms - -[0m
[0mGET /favicon.ico [33m404 [0m10.593 ms - 1080[0m
[0mGET /favicon.ico [33m404 [0m9.408 ms - 1080[0m
[[08:33:20]] [ERROR] Error: Not Found
    at /home/pi/node-garagepi/garagepi.js:66:13
    at Layer.handle [as handle_request] (/home/pi/node-garagepi/node_modules/express/lib/router/layer.js:95:5)
    at trim_prefix (/home/pi/node-garagepi/node_modules/express/lib/router/index.js:317:13)
    at /home/pi/node-garagepi/node_modules/express/lib/router/index.js:284:7
    at Function.process_params (/home/pi/node-garagepi/node_modules/express/lib/router/index.js:335:12)
    at next (/home/pi/node-garagepi/node_modules/express/lib/router/index.js:275:10)
    at SendStream.error (/home/pi/node-garagepi/node_modules/express/node_modules/serve-static/index.js:121:7)
    at emitOne (events.js:116:13)
    at SendStream.emit (events.js:211:7)
    at SendStream.error (/home/pi/node-garagepi/node_modules/express/node_modules/send/index.js:270:17)
[[08:33:20]] [ERROR] Error: Not Found
    at /home/pi/node-garagepi/garagepi.js:66:13
    at Layer.handle [as handle_request] (/home/pi/node-garagepi/node_modules/express/lib/router/layer.js:95:5)
    at trim_prefix (/home/pi/node-garagepi/node_modules/express/lib/router/index.js:317:13)
    at /home/pi/node-garagepi/node_modules/express/lib/router/index.js:284:7
    at Function.process_params (/home/pi/node-garagepi/node_modules/express/lib/router/index.js:335:12)
    at next (/home/pi/node-garagepi/node_modules/express/lib/router/index.js:275:10)
    at SendStream.error (/home/pi/node-garagepi/node_modules/express/node_modules/serve-static/index.js:121:7)
    at emitOne (events.js:116:13)
    at SendStream.emit (events.js:211:7)
    at SendStream.error (/home/pi/node-garagepi/node_modules/express/node_modules/send/index.js:270:17)
[0mGET / [36m304 [0m7.101 ms - -[0m
[0mGET /javascripts/jquery-2.1.1.min.js [36m304 [0m3.350 ms - -[0m
[0mGET / [32m200 [0m7.664 ms - 1714[0m
[0mGET /favicon.ico [33m404 [0m4.606 ms - 1080[0m
[[09:21:06]] [ERROR] Error: Not Found
    at /home/pi/node-garagepi/garagepi.js:66:13
    at Layer.handle [as handle_request] (/home/pi/node-garagepi/node_modules/express/lib/router/layer.js:95:5)
    at trim_prefix (/home/pi/node-garagepi/node_modules/express/lib/router/index.js:317:13)
    at /home/pi/node-garagepi/node_modules/express/lib/router/index.js:284:7
    at Function.process_params (/home/pi/node-garagepi/node_modules/express/lib/router/index.js:335:12)
    at next (/home/pi/node-garagepi/node_modules/express/lib/router/index.js:275:10)
    at SendStream.error (/home/pi/node-garagepi/node_modules/express/node_modules/serve-static/index.js:121:7)
    at emitOne (events.js:116:13)
    at SendStream.emit (events.js:211:7)
    at SendStream.error (/home/pi/node-garagepi/node_modules/express/node_modules/send/index.js:270:17)
[0mGET / [32m200 [0m4.068 ms - 1714[0m
[0mGET / [32m200 [0m7.005 ms - 1714[0m
[0mGET /favicon.ico [33m404 [0m4.337 ms - 1080[0m
[[20:56:39]] [ERROR] Error: Not Found
    at /home/pi/node-garagepi/garagepi.js:66:13
    at Layer.handle [as handle_request] (/home/pi/node-garagepi/node_modules/express/lib/router/layer.js:95:5)
    at trim_prefix (/home/pi/node-garagepi/node_modules/express/lib/router/index.js:317:13)
    at /home/pi/node-garagepi/node_modules/express/lib/router/index.js:284:7
    at Function.process_params (/home/pi/node-garagepi/node_modules/express/lib/router/index.js:335:12)
    at next (/home/pi/node-garagepi/node_modules/express/lib/router/index.js:275:10)
    at SendStream.error (/home/pi/node-garagepi/node_modules/express/node_modules/serve-static/index.js:121:7)
    at emitOne (events.js:116:13)
    at SendStream.emit (events.js:211:7)
    at SendStream.error (/home/pi/node-garagepi/node_modules/express/node_modules/send/index.js:270:17)
[0mGET / [32m200 [0m7.063 ms - 1714[0m
[0mGET / [32m200 [0m11.521 ms - 1714[0m
[0mGET / [32m200 [0m7.145 ms - 1714[0m
[0mGET / [32m200 [0m7.001 ms - 1714[0m
[0mGET /favicon.ico [33m404 [0m4.504 ms - 1080[0m
[[13:28:26]] [ERROR] Error: Not Found
    at /home/pi/node-garagepi/garagepi.js:66:13
    at Layer.handle [as handle_request] (/home/pi/node-garagepi/node_modules/express/lib/router/layer.js:95:5)
    at trim_prefix (/home/pi/node-garagepi/node_modules/express/lib/router/index.js:317:13)
    at /home/pi/node-garagepi/node_modules/express/lib/router/index.js:284:7
    at Function.process_params (/home/pi/node-garagepi/node_modules/express/lib/router/index.js:335:12)
    at next (/home/pi/node-garagepi/node_modules/express/lib/router/index.js:275:10)
    at SendStream.error (/home/pi/node-garagepi/node_modules/express/node_modules/serve-static/index.js:121:7)
    at emitOne (events.js:116:13)
    at SendStream.emit (events.js:211:7)
    at SendStream.error (/home/pi/node-garagepi/node_modules/express/node_modules/send/index.js:270:17)
[0mGET / [32m200 [0m7.141 ms - 1714[0m
[0mGET /javascripts/jquery-2.1.1.min.js [32m200 [0m127.744 ms - 84245[0m
[0mGET /favicon.ico [33m404 [0m4.451 ms - 1080[0m
[[14:24:38]] [ERROR] Error: Not Found
    at /home/pi/node-garagepi/garagepi.js:66:13
    at Layer.handle [as handle_request] (/home/pi/node-garagepi/node_modules/express/lib/router/layer.js:95:5)
    at trim_prefix (/home/pi/node-garagepi/node_modules/express/lib/router/index.js:317:13)
    at /home/pi/node-garagepi/node_modules/express/lib/router/index.js:284:7
    at Function.process_params (/home/pi/node-garagepi/node_modules/express/lib/router/index.js:335:12)
    at next (/home/pi/node-garagepi/node_modules/express/lib/router/index.js:275:10)
    at SendStream.error (/home/pi/node-garagepi/node_modules/express/node_modules/serve-static/index.js:121:7)
    at emitOne (events.js:116:13)
    at SendStream.emit (events.js:211:7)
    at SendStream.error (/home/pi/node-garagepi/node_modules/express/node_modules/send/index.js:270:17)
[0mGET / [36m304 [0m6.844 ms - -[0m
[0mGET /javascripts/jquery-2.1.1.min.js [36m304 [0m4.892 ms - -[0m
[0mGET / [32m200 [0m6.882 ms - 1714[0m
[0mGET /favicon.ico [33m404 [0m4.606 ms - 1080[0m
[[19:36:04]] [ERROR] Error: Not Found
    at /home/pi/node-garagepi/garagepi.js:66:13
    at Layer.handle [as handle_request] (/home/pi/node-garagepi/node_modules/express/lib/router/layer.js:95:5)
    at trim_prefix (/home/pi/node-garagepi/node_modules/express/lib/router/index.js:317:13)
    at /home/pi/node-garagepi/node_modules/express/lib/router/index.js:284:7
    at Function.process_params (/home/pi/node-garagepi/node_modules/express/lib/router/index.js:335:12)
    at next (/home/pi/node-garagepi/node_modules/express/lib/router/index.js:275:10)
    at SendStream.error (/home/pi/node-garagepi/node_modules/express/node_modules/serve-static/index.js:121:7)
    at emitOne (events.js:116:13)
    at SendStream.emit (events.js:211:7)
    at SendStream.error (/home/pi/node-garagepi/node_modules/express/node_modules/send/index.js:270:17)
[0mGET / [32m200 [0m6.973 ms - 1714[0m
[0mGET /favicon.ico [33m404 [0m4.772 ms - 1080[0m
[[21:56:03]] [ERROR] Error: Not Found
    at /home/pi/node-garagepi/garagepi.js:66:13
    at Layer.handle [as handle_request] (/home/pi/node-garagepi/node_modules/express/lib/router/layer.js:95:5)
    at trim_prefix (/home/pi/node-garagepi/node_modules/express/lib/router/index.js:317:13)
    at /home/pi/node-garagepi/node_modules/express/lib/router/index.js:284:7
    at Function.process_params (/home/pi/node-garagepi/node_modules/express/lib/router/index.js:335:12)
    at next (/home/pi/node-garagepi/node_modules/express/lib/router/index.js:275:10)
    at SendStream.error (/home/pi/node-garagepi/node_modules/express/node_modules/serve-static/index.js:121:7)
    at emitOne (events.js:116:13)
    at SendStream.emit (events.js:211:7)
    at SendStream.error (/home/pi/node-garagepi/node_modules/express/node_modules/send/index.js:270:17)
[0mGET / [32m200 [0m10.682 ms - 1714[0m
[0mGET / [36m304 [0m6.892 ms - -[0m
[0mGET /javascripts/jquery-2.1.1.min.js [36m304 [0m3.088 ms - -[0m
[0mGET / [32m200 [0m7.010 ms - 1714[0m
[0mGET /favicon.ico [33m404 [0m4.398 ms - 1080[0m
[[13:35:20]] [ERROR] Error: Not Found
    at /home/pi/node-garagepi/garagepi.js:66:13
    at Layer.handle [as handle_request] (/home/pi/node-garagepi/node_modules/express/lib/router/layer.js:95:5)
    at trim_prefix (/home/pi/node-garagepi/node_modules/express/lib/router/index.js:317:13)
    at /home/pi/node-garagepi/node_modules/express/lib/router/index.js:284:7
    at Function.process_params (/home/pi/node-garagepi/node_modules/express/lib/router/index.js:335:12)
    at next (/home/pi/node-garagepi/node_modules/express/lib/router/index.js:275:10)
    at SendStream.error (/home/pi/node-garagepi/node_modules/express/node_modules/serve-static/index.js:121:7)
    at emitOne (events.js:116:13)
    at SendStream.emit (events.js:211:7)
    at SendStream.error (/home/pi/node-garagepi/node_modules/express/node_modules/send/index.js:270:17)
[0mGET / [36m304 [0m6.759 ms - -[0m
[0mGET /javascripts/jquery-2.1.1.min.js [36m304 [0m3.070 ms - -[0m
[0mGET / [36m304 [0m6.978 ms - -[0m
[0mGET /javascripts/jquery-2.1.1.min.js [36m304 [0m3.124 ms - -[0m
[0mHEAD / [32m200 [0m7.489 ms - 1714[0m
[0mGET / [32m200 [0m6.881 ms - 1714[0m
[0mGET /udp/224.0.0.2:1001 [33m404 [0m5.024 ms - 1080[0m
[[09:46:20]] [ERROR] Error: Not Found
    at /home/pi/node-garagepi/garagepi.js:66:13
    at Layer.handle [as handle_request] (/home/pi/node-garagepi/node_modules/express/lib/router/layer.js:95:5)
    at trim_prefix (/home/pi/node-garagepi/node_modules/express/lib/router/index.js:317:13)
    at /home/pi/node-garagepi/node_modules/express/lib/router/index.js:284:7
    at Function.process_params (/home/pi/node-garagepi/node_modules/express/lib/router/index.js:335:12)
    at next (/home/pi/node-garagepi/node_modules/express/lib/router/index.js:275:10)
    at SendStream.error (/home/pi/node-garagepi/node_modules/express/node_modules/serve-static/index.js:121:7)
    at emitOne (events.js:116:13)
    at SendStream.emit (events.js:211:7)
    at SendStream.error (/home/pi/node-garagepi/node_modules/express/node_modules/send/index.js:270:17)
[0mGET / [32m200 [0m6.543 ms - 1714[0m
[0mGET /manager/html [33m404 [0m5.729 ms - 1080[0m
[[10:47:37]] [ERROR] Error: Not Found
    at /home/pi/node-garagepi/garagepi.js:66:13
    at Layer.handle [as handle_request] (/home/pi/node-garagepi/node_modules/express/lib/router/layer.js:95:5)
    at trim_prefix (/home/pi/node-garagepi/node_modules/express/lib/router/index.js:317:13)
    at /home/pi/node-garagepi/node_modules/express/lib/router/index.js:284:7
    at Function.process_params (/home/pi/node-garagepi/node_modules/express/lib/router/index.js:335:12)
    at next (/home/pi/node-garagepi/node_modules/express/lib/router/index.js:275:10)
    at SendStream.error (/home/pi/node-garagepi/node_modules/express/node_modules/serve-static/index.js:121:7)
    at emitOne (events.js:116:13)
    at SendStream.emit (events.js:211:7)
    at SendStream.error (/home/pi/node-garagepi/node_modules/express/node_modules/send/index.js:270:17)
[0mGET / [36m304 [0m9.371 ms - -[0m
[0mGET /javascripts/jquery-2.1.1.min.js [36m304 [0m3.351 ms - -[0m
[0mGET /favicon.ico [33m404 [0m4.442 ms - 1080[0m
[[12:33:20]] [ERROR] Error: Not Found
    at /home/pi/node-garagepi/garagepi.js:66:13
    at Layer.handle [as handle_request] (/home/pi/node-garagepi/node_modules/express/lib/router/layer.js:95:5)
    at trim_prefix (/home/pi/node-garagepi/node_modules/express/lib/router/index.js:317:13)
    at /home/pi/node-garagepi/node_modules/express/lib/router/index.js:284:7
    at Function.process_params (/home/pi/node-garagepi/node_modules/express/lib/router/index.js:335:12)
    at next (/home/pi/node-garagepi/node_modules/express/lib/router/index.js:275:10)
    at SendStream.error (/home/pi/node-garagepi/node_modules/express/node_modules/serve-static/index.js:121:7)
    at emitOne (events.js:116:13)
    at SendStream.emit (events.js:211:7)
    at SendStream.error (/home/pi/node-garagepi/node_modules/express/node_modules/send/index.js:270:17)
[0mGET / [36m304 [0m6.865 ms - -[0m
[0mGET /javascripts/jquery-2.1.1.min.js [36m304 [0m3.136 ms - -[0m
[0mGET / [36m304 [0m6.775 ms - -[0m
[0mGET /javascripts/jquery-2.1.1.min.js [36m304 [0m3.118 ms - -[0m
[0mGET / [36m304 [0m6.882 ms - -[0m
[0mGET /javascripts/jquery-2.1.1.min.js [36m304 [0m3.103 ms - -[0m
[0mGET / [36m304 [0m6.744 ms - -[0m
[0mGET /javascripts/jquery-2.1.1.min.js [36m304 [0m3.423 ms - -[0m
[0mGET / [36m304 [0m6.761 ms - -[0m
[0mGET /javascripts/jquery-2.1.1.min.js [36m304 [0m3.431 ms - -[0m
[0mGET / [36m304 [0m6.925 ms - -[0m
[0mGET /javascripts/jquery-2.1.1.min.js [36m304 [0m3.440 ms - -[0m
[0mGET / [36m304 [0m6.905 ms - -[0m
[0mGET /javascripts/jquery-2.1.1.min.js [36m304 [0m3.387 ms - -[0m
[0mGET / [36m304 [0m6.915 ms - -[0m
[0mGET /javascripts/jquery-2.1.1.min.js [36m304 [0m3.263 ms - -[0m
[0mGET / [36m304 [0m6.919 ms - -[0m
[0mGET /javascripts/jquery-2.1.1.min.js [36m304 [0m3.150 ms - -[0m
[0mGET / [32m200 [0m6.974 ms - 1714[0m
[0mGET /favicon.ico [33m404 [0m4.518 ms - 1080[0m
[[13:50:13]] [ERROR] Error: Not Found
    at /home/pi/node-garagepi/garagepi.js:66:13
    at Layer.handle [as handle_request] (/home/pi/node-garagepi/node_modules/express/lib/router/layer.js:95:5)
    at trim_prefix (/home/pi/node-garagepi/node_modules/express/lib/router/index.js:317:13)
    at /home/pi/node-garagepi/node_modules/express/lib/router/index.js:284:7
    at Function.process_params (/home/pi/node-garagepi/node_modules/express/lib/router/index.js:335:12)
    at next (/home/pi/node-garagepi/node_modules/express/lib/router/index.js:275:10)
    at SendStream.error (/home/pi/node-garagepi/node_modules/express/node_modules/serve-static/index.js:121:7)
    at emitOne (events.js:116:13)
    at SendStream.emit (events.js:211:7)
    at SendStream.error (/home/pi/node-garagepi/node_modules/express/node_modules/send/index.js:270:17)
[0mGET /struts2-rest-showcase/orders.xhtml [33m404 [0m4.655 ms - 1080[0m
[[00:24:54]] [ERROR] Error: Not Found
    at /home/pi/node-garagepi/garagepi.js:66:13
    at Layer.handle [as handle_request] (/home/pi/node-garagepi/node_modules/express/lib/router/layer.js:95:5)
    at trim_prefix (/home/pi/node-garagepi/node_modules/express/lib/router/index.js:317:13)
    at /home/pi/node-garagepi/node_modules/express/lib/router/index.js:284:7
    at Function.process_params (/home/pi/node-garagepi/node_modules/express/lib/router/index.js:335:12)
    at next (/home/pi/node-garagepi/node_modules/express/lib/router/index.js:275:10)
    at SendStream.error (/home/pi/node-garagepi/node_modules/express/node_modules/serve-static/index.js:121:7)
    at emitOne (events.js:116:13)
    at SendStream.emit (events.js:211:7)
    at SendStream.error (/home/pi/node-garagepi/node_modules/express/node_modules/send/index.js:270:17)
[0mGET /index.action [33m404 [0m4.427 ms - 1080[0m
[[00:24:55]] [ERROR] Error: Not Found
    at /home/pi/node-garagepi/garagepi.js:66:13
    at Layer.handle [as handle_request] (/home/pi/node-garagepi/node_modules/express/lib/router/layer.js:95:5)
    at trim_prefix (/home/pi/node-garagepi/node_modules/express/lib/router/index.js:317:13)
    at /home/pi/node-garagepi/node_modules/express/lib/router/index.js:284:7
    at Function.process_params (/home/pi/node-garagepi/node_modules/express/lib/router/index.js:335:12)
    at next (/home/pi/node-garagepi/node_modules/express/lib/router/index.js:275:10)
    at SendStream.error (/home/pi/node-garagepi/node_modules/express/node_modules/serve-static/index.js:121:7)
    at emitOne (events.js:116:13)
    at SendStream.emit (events.js:211:7)
    at SendStream.error (/home/pi/node-garagepi/node_modules/express/node_modules/send/index.js:270:17)
[0mGET /index.do [33m404 [0m4.400 ms - 1080[0m
[[00:24:55]] [ERROR] Error: Not Found
    at /home/pi/node-garagepi/garagepi.js:66:13
    at Layer.handle [as handle_request] (/home/pi/node-garagepi/node_modules/express/lib/router/layer.js:95:5)
    at trim_prefix (/home/pi/node-garagepi/node_modules/express/lib/router/index.js:317:13)
    at /home/pi/node-garagepi/node_modules/express/lib/router/index.js:284:7
    at Function.process_params (/home/pi/node-garagepi/node_modules/express/lib/router/index.js:335:12)
    at next (/home/pi/node-garagepi/node_modules/express/lib/router/index.js:275:10)
    at SendStream.error (/home/pi/node-garagepi/node_modules/express/node_modules/serve-static/index.js:121:7)
    at emitOne (events.js:116:13)
    at SendStream.emit (events.js:211:7)
    at SendStream.error (/home/pi/node-garagepi/node_modules/express/node_modules/send/index.js:270:17)
[0mGET / [32m200 [0m7.004 ms - 1714[0m
[0mGET /javascripts/jquery-2.1.1.min.js [32m200 [0m83.548 ms - 84245[0m
[0mGET /favicon.ico [33m404 [0m4.337 ms - 1080[0m
[[04:08:23]] [ERROR] Error: Not Found
    at /home/pi/node-garagepi/garagepi.js:66:13
    at Layer.handle [as handle_request] (/home/pi/node-garagepi/node_modules/express/lib/router/layer.js:95:5)
    at trim_prefix (/home/pi/node-garagepi/node_modules/express/lib/router/index.js:317:13)
    at /home/pi/node-garagepi/node_modules/express/lib/router/index.js:284:7
    at Function.process_params (/home/pi/node-garagepi/node_modules/express/lib/router/index.js:335:12)
    at next (/home/pi/node-garagepi/node_modules/express/lib/router/index.js:275:10)
    at SendStream.error (/home/pi/node-garagepi/node_modules/express/node_modules/serve-static/index.js:121:7)
    at emitOne (events.js:116:13)
    at SendStream.emit (events.js:211:7)
    at SendStream.error (/home/pi/node-garagepi/node_modules/express/node_modules/send/index.js:270:17)
[0mGET / [32m200 [0m7.144 ms - 1714[0m
[0mGET / [36m304 [0m6.970 ms - -[0m
[0mGET /javascripts/jquery-2.1.1.min.js [36m304 [0m4.875 ms - -[0m
[0mGET / [32m200 [0m10.010 ms - 1714[0m
[0mGET / [36m304 [0m7.188 ms - -[0m
[0mGET /javascripts/jquery-2.1.1.min.js [36m304 [0m3.373 ms - -[0m
[0mGET /api/clickbutton [32m200 [0m57.675 ms - -[0m
[[16:50:33]] [LOG] gpioWrite, value: 1  seq: 0
[[16:50:33]] [LOG] gpioWrite, value: 0  seq: 
[[16:50:33]] [LOG] closing pin: 7
[0mGET / [32m200 [0m7.019 ms - 1714[0m
[0mGET / [36m304 [0m7.092 ms - -[0m
[0mGET /javascripts/jquery-2.1.1.min.js [36m304 [0m3.148 ms - -[0m
[0mGET /favicon.ico [33m404 [0m4.398 ms - 1080[0m
[[11:02:55]] [ERROR] Error: Not Found
    at /home/pi/node-garagepi/garagepi.js:66:13
    at Layer.handle [as handle_request] (/home/pi/node-garagepi/node_modules/express/lib/router/layer.js:95:5)
    at trim_prefix (/home/pi/node-garagepi/node_modules/express/lib/router/index.js:317:13)
    at /home/pi/node-garagepi/node_modules/express/lib/router/index.js:284:7
    at Function.process_params (/home/pi/node-garagepi/node_modules/express/lib/router/index.js:335:12)
    at next (/home/pi/node-garagepi/node_modules/express/lib/router/index.js:275:10)
    at SendStream.error (/home/pi/node-garagepi/node_modules/express/node_modules/serve-static/index.js:121:7)
    at emitOne (events.js:116:13)
    at SendStream.emit (events.js:211:7)
    at SendStream.error (/home/pi/node-garagepi/node_modules/express/node_modules/send/index.js:270:17)
[0mGET /api/clickbutton [32m200 [0m43.564 ms - -[0m
[[11:02:57]] [LOG] gpioWrite, value: 1  seq: 0
[[11:02:57]] [LOG] gpioWrite, value: 0  seq: 
[[11:02:57]] [LOG] closing pin: 7
[0mGET /api/clickbutton [32m200 [0m43.015 ms - -[0m
[[11:28:53]] [LOG] gpioWrite, value: 1  seq: 0
[[11:28:54]] [LOG] gpioWrite, value: 0  seq: 
[[11:28:54]] [LOG] closing pin: 7
[0mGET /api/clickbutton [32m200 [0m44.034 ms - -[0m
[[11:30:53]] [LOG] gpioWrite, value: 1  seq: 0
[[11:30:53]] [LOG] gpioWrite, value: 0  seq: 
[[11:30:53]] [LOG] closing pin: 7
[0mGET /api/clickbutton [32m200 [0m44.923 ms - -[0m
[[11:31:00]] [LOG] gpioWrite, value: 1  seq: 0
[[11:31:00]] [LOG] gpioWrite, value: 0  seq: 
[[11:31:00]] [LOG] closing pin: 7
[0mGET /api/clickbutton [32m200 [0m43.117 ms - -[0m
[[11:32:09]] [LOG] gpioWrite, value: 1  seq: 0
[[11:32:10]] [LOG] gpioWrite, value: 0  seq: 
[[11:32:10]] [LOG] closing pin: 7
[0mGET /api/clickbutton [32m200 [0m43.270 ms - -[0m
[[12:53:02]] [LOG] gpioWrite, value: 1  seq: 0
[[12:53:02]] [LOG] gpioWrite, value: 0  seq: 
[[12:53:02]] [LOG] closing pin: 7
[0mGET /api/clickbutton [32m200 [0m42.836 ms - -[0m
[[13:00:55]] [LOG] gpioWrite, value: 1  seq: 0
[[13:00:56]] [LOG] gpioWrite, value: 0  seq: 
[[13:00:56]] [LOG] closing pin: 7
[0mGET / [32m200 [0m7.013 ms - 1714[0m
[0mGET /javascripts/jquery-2.1.1.min.js [32m200 [0m125.559 ms - 84245[0m
[0mGET /favicon.ico [33m404 [0m4.329 ms - 1080[0m
[[21:02:02]] [ERROR] Error: Not Found
    at /home/pi/node-garagepi/garagepi.js:66:13
    at Layer.handle [as handle_request] (/home/pi/node-garagepi/node_modules/express/lib/router/layer.js:95:5)
    at trim_prefix (/home/pi/node-garagepi/node_modules/express/lib/router/index.js:317:13)
    at /home/pi/node-garagepi/node_modules/express/lib/router/index.js:284:7
    at Function.process_params (/home/pi/node-garagepi/node_modules/express/lib/router/index.js:335:12)
    at next (/home/pi/node-garagepi/node_modules/express/lib/router/index.js:275:10)
    at SendStream.error (/home/pi/node-garagepi/node_modules/express/node_modules/serve-static/index.js:121:7)
    at emitOne (events.js:116:13)
    at SendStream.emit (events.js:211:7)
    at SendStream.error (/home/pi/node-garagepi/node_modules/express/node_modules/send/index.js:270:17)
[0mGET / [36m304 [0m10.174 ms - -[0m
[0mGET /javascripts/jquery-2.1.1.min.js [36m304 [0m3.096 ms - -[0m
[0mGET /api/clickbutton [32m200 [0m45.494 ms - -[0m
[[21:02:08]] [LOG] gpioWrite, value: 1  seq: 0
[[21:02:08]] [LOG] gpioWrite, value: 0  seq: 
[[21:02:08]] [LOG] closing pin: 7
[0mGET /api/clickbutton [32m200 [0m42.996 ms - -[0m
[[21:02:11]] [LOG] gpioWrite, value: 1  seq: 0
[[21:02:11]] [LOG] gpioWrite, value: 0  seq: 
[[21:02:11]] [LOG] closing pin: 7
[0mGET /api/clickbutton [32m200 [0m30.270 ms - -[0m
[[21:02:15]] [LOG] gpioWrite, value: 1  seq: 0
[[21:02:15]] [LOG] gpioWrite, value: 0  seq: 
[[21:02:15]] [LOG] closing pin: 7
[0mGET / [36m304 [0m6.754 ms - -[0m
[0mGET /javascripts/jquery-2.1.1.min.js [36m304 [0m3.239 ms - -[0m
[0mGET / [36m304 [0m6.541 ms - -[0m
[0mGET /javascripts/jquery-2.1.1.min.js [36m304 [0m4.555 ms - -[0m
[0mGET / [36m304 [0m6.536 ms - -[0m
[0mGET /javascripts/jquery-2.1.1.min.js [36m304 [0m4.733 ms - -[0m
[0mGET / [36m304 [0m6.421 ms - -[0m
[0mGET /javascripts/jquery-2.1.1.min.js [36m304 [0m10.836 ms - -[0m
[0mGET / [36m304 [0m6.468 ms - -[0m
[0mGET /javascripts/jquery-2.1.1.min.js [36m304 [0m2.971 ms - -[0m
[0mGET / [36m304 [0m6.357 ms - -[0m
[0mGET /javascripts/jquery-2.1.1.min.js [36m304 [0m4.438 ms - -[0m
[0mGET / [36m304 [0m6.558 ms - -[0m
[0mGET /javascripts/jquery-2.1.1.min.js [36m304 [0m4.472 ms - -[0m
[0mGET / [36m304 [0m6.456 ms - -[0m
[0mGET /javascripts/jquery-2.1.1.min.js [36m304 [0m4.456 ms - -[0m
[0mGET / [36m304 [0m6.339 ms - -[0m
[0mGET /javascripts/jquery-2.1.1.min.js [36m304 [0m11.707 ms - -[0m
[0mGET / [36m304 [0m6.432 ms - -[0m
[0mGET /javascripts/jquery-2.1.1.min.js [36m304 [0m4.159 ms - -[0m
[0mGET / [36m304 [0m6.407 ms - -[0m
[0mGET /javascripts/jquery-2.1.1.min.js [36m304 [0m4.298 ms - -[0m
[0mGET / [36m304 [0m6.393 ms - -[0m
[0mGET /javascripts/jquery-2.1.1.min.js [36m304 [0m2.777 ms - -[0m
[0mGET / [36m304 [0m6.687 ms - -[0m
[0mGET /javascripts/jquery-2.1.1.min.js [36m304 [0m4.521 ms - -[0m
[0mGET / [36m304 [0m6.499 ms - -[0m
[0mGET /javascripts/jquery-2.1.1.min.js [36m304 [0m2.845 ms - -[0m
[0mGET / [32m200 [0m6.620 ms - 1714[0m
[0mGET /javascripts/jquery-2.1.1.min.js [32m200 [0m206.044 ms - 84245[0m
[0mGET /favicon.ico [33m404 [0m4.190 ms - 1080[0m
[[05:52:20]] [ERROR] Error: Not Found
    at /home/pi/node-garagepi/garagepi.js:66:13
    at Layer.handle [as handle_request] (/home/pi/node-garagepi/node_modules/express/lib/router/layer.js:95:5)
    at trim_prefix (/home/pi/node-garagepi/node_modules/express/lib/router/index.js:317:13)
    at /home/pi/node-garagepi/node_modules/express/lib/router/index.js:284:7
    at Function.process_params (/home/pi/node-garagepi/node_modules/express/lib/router/index.js:335:12)
    at next (/home/pi/node-garagepi/node_modules/express/lib/router/index.js:275:10)
    at SendStream.error (/home/pi/node-garagepi/node_modules/express/node_modules/serve-static/index.js:121:7)
    at emitOne (events.js:116:13)
    at SendStream.emit (events.js:211:7)
    at SendStream.error (/home/pi/node-garagepi/node_modules/express/node_modules/send/index.js:270:17)
[0mGET /api/clickbutton [32m200 [0m42.734 ms - -[0m
[[05:52:22]] [LOG] gpioWrite, value: 1  seq: 0
[[05:52:22]] [LOG] gpioWrite, value: 0  seq: 
[[05:52:22]] [LOG] closing pin: 7
[0mGET / [32m200 [0m6.673 ms - 1714[0m
[0mGET / [32m200 [0m6.870 ms - 1714[0m
[0mGET / [32m200 [0m6.827 ms - 1714[0m
[0mGET /javascripts/jquery-2.1.1.min.js [32m200 [0m105.127 ms - 84245[0m
[0mGET /favicon.ico [33m404 [0m8.186 ms - 1080[0m
[0mGET /favicon.ico [33m404 [0m6.972 ms - 1080[0m
[[16:47:21]] [ERROR] Error: Not Found
    at /home/pi/node-garagepi/garagepi.js:66:13
    at Layer.handle [as handle_request] (/home/pi/node-garagepi/node_modules/express/lib/router/layer.js:95:5)
    at trim_prefix (/home/pi/node-garagepi/node_modules/express/lib/router/index.js:317:13)
    at /home/pi/node-garagepi/node_modules/express/lib/router/index.js:284:7
    at Function.process_params (/home/pi/node-garagepi/node_modules/express/lib/router/index.js:335:12)
    at next (/home/pi/node-garagepi/node_modules/express/lib/router/index.js:275:10)
    at SendStream.error (/home/pi/node-garagepi/node_modules/express/node_modules/serve-static/index.js:121:7)
    at emitOne (events.js:116:13)
    at SendStream.emit (events.js:211:7)
    at SendStream.error (/home/pi/node-garagepi/node_modules/express/node_modules/send/index.js:270:17)
[[16:47:21]] [ERROR] Error: Not Found
    at /home/pi/node-garagepi/garagepi.js:66:13
    at Layer.handle [as handle_request] (/home/pi/node-garagepi/node_modules/express/lib/router/layer.js:95:5)
    at trim_prefix (/home/pi/node-garagepi/node_modules/express/lib/router/index.js:317:13)
    at /home/pi/node-garagepi/node_modules/express/lib/router/index.js:284:7
    at Function.process_params (/home/pi/node-garagepi/node_modules/express/lib/router/index.js:335:12)
    at next (/home/pi/node-garagepi/node_modules/express/lib/router/index.js:275:10)
    at SendStream.error (/home/pi/node-garagepi/node_modules/express/node_modules/serve-static/index.js:121:7)
    at emitOne (events.js:116:13)
    at SendStream.emit (events.js:211:7)
    at SendStream.error (/home/pi/node-garagepi/node_modules/express/node_modules/send/index.js:270:17)
[0mGET / [36m304 [0m22.100 ms - -[0m
[0mGET /javascripts/jquery-2.1.1.min.js [36m304 [0m2.939 ms - -[0m
[0mGET / [36m304 [0m6.325 ms - -[0m
[0mGET /javascripts/jquery-2.1.1.min.js [36m304 [0m4.154 ms - -[0m
[0mGET / [36m304 [0m6.454 ms - -[0m
[0mGET /javascripts/jquery-2.1.1.min.js [36m304 [0m5.752 ms - -[0m
[0mGET / [36m304 [0m6.304 ms - -[0m
[0mGET /javascripts/jquery-2.1.1.min.js [36m304 [0m2.713 ms - -[0m
[0mGET / [36m304 [0m6.887 ms - -[0m
[0mGET /javascripts/jquery-2.1.1.min.js [36m304 [0m3.010 ms - -[0m
[0mGET / [36m304 [0m6.525 ms - -[0m
[0mGET /javascripts/jquery-2.1.1.min.js [36m304 [0m3.929 ms - -[0m
[0mGET /manager/html [33m404 [0m4.286 ms - 1080[0m
[[20:43:16]] [ERROR] Error: Not Found
    at /home/pi/node-garagepi/garagepi.js:66:13
    at Layer.handle [as handle_request] (/home/pi/node-garagepi/node_modules/express/lib/router/layer.js:95:5)
    at trim_prefix (/home/pi/node-garagepi/node_modules/express/lib/router/index.js:317:13)
    at /home/pi/node-garagepi/node_modules/express/lib/router/index.js:284:7
    at Function.process_params (/home/pi/node-garagepi/node_modules/express/lib/router/index.js:335:12)
    at next (/home/pi/node-garagepi/node_modules/express/lib/router/index.js:275:10)
    at SendStream.error (/home/pi/node-garagepi/node_modules/express/node_modules/serve-static/index.js:121:7)
    at emitOne (events.js:116:13)
    at SendStream.emit (events.js:211:7)
    at SendStream.error (/home/pi/node-garagepi/node_modules/express/node_modules/send/index.js:270:17)
[0mGET /cgi/webcgi [33m404 [0m4.251 ms - 1080[0m
[[22:10:51]] [ERROR] Error: Not Found
    at /home/pi/node-garagepi/garagepi.js:66:13
    at Layer.handle [as handle_request] (/home/pi/node-garagepi/node_modules/express/lib/router/layer.js:95:5)
    at trim_prefix (/home/pi/node-garagepi/node_modules/express/lib/router/index.js:317:13)
    at /home/pi/node-garagepi/node_modules/express/lib/router/index.js:284:7
    at Function.process_params (/home/pi/node-garagepi/node_modules/express/lib/router/index.js:335:12)
    at next (/home/pi/node-garagepi/node_modules/express/lib/router/index.js:275:10)
    at SendStream.error (/home/pi/node-garagepi/node_modules/express/node_modules/serve-static/index.js:121:7)
    at emitOne (events.js:116:13)
    at SendStream.emit (events.js:211:7)
    at SendStream.error (/home/pi/node-garagepi/node_modules/express/node_modules/send/index.js:270:17)
[0mGET / [32m200 [0m6.624 ms - 1714[0m
[0mGET / [32m200 [0m10.332 ms - 1714[0m
[0mGET /HNAP1/ [33m404 [0m4.218 ms - 1080[0m
[[09:30:53]] [ERROR] Error: Not Found
    at /home/pi/node-garagepi/garagepi.js:66:13
    at Layer.handle [as handle_request] (/home/pi/node-garagepi/node_modules/express/lib/router/layer.js:95:5)
    at trim_prefix (/home/pi/node-garagepi/node_modules/express/lib/router/index.js:317:13)
    at /home/pi/node-garagepi/node_modules/express/lib/router/index.js:284:7
    at Function.process_params (/home/pi/node-garagepi/node_modules/express/lib/router/index.js:335:12)
    at next (/home/pi/node-garagepi/node_modules/express/lib/router/index.js:275:10)
    at SendStream.error (/home/pi/node-garagepi/node_modules/express/node_modules/serve-static/index.js:121:7)
    at emitOne (events.js:116:13)
    at SendStream.emit (events.js:211:7)
    at SendStream.error (/home/pi/node-garagepi/node_modules/express/node_modules/send/index.js:270:17)
[0mGET / [32m200 [0m6.557 ms - 1714[0m
[0mGET /favicon.ico [33m404 [0m3.954 ms - 1080[0m
[[15:16:34]] [ERROR] Error: Not Found
    at /home/pi/node-garagepi/garagepi.js:66:13
    at Layer.handle [as handle_request] (/home/pi/node-garagepi/node_modules/express/lib/router/layer.js:95:5)
    at trim_prefix (/home/pi/node-garagepi/node_modules/express/lib/router/index.js:317:13)
    at /home/pi/node-garagepi/node_modules/express/lib/router/index.js:284:7
    at Function.process_params (/home/pi/node-garagepi/node_modules/express/lib/router/index.js:335:12)
    at next (/home/pi/node-garagepi/node_modules/express/lib/router/index.js:275:10)
    at SendStream.error (/home/pi/node-garagepi/node_modules/express/node_modules/serve-static/index.js:121:7)
    at emitOne (events.js:116:13)
    at SendStream.emit (events.js:211:7)
    at SendStream.error (/home/pi/node-garagepi/node_modules/express/node_modules/send/index.js:270:17)
[0mGET / [32m200 [0m7.259 ms - 1714[0m
[0mGET /javascripts/jquery-2.1.1.min.js [32m200 [0m152.431 ms - 84245[0m
[0mGET / [32m200 [0m3.904 ms - 1714[0m
[0mGET /favicon.ico [33m404 [0m4.167 ms - 1080[0m
[[14:18:20]] [ERROR] Error: Not Found
    at /home/pi/node-garagepi/garagepi.js:66:13
    at Layer.handle [as handle_request] (/home/pi/node-garagepi/node_modules/express/lib/router/layer.js:95:5)
    at trim_prefix (/home/pi/node-garagepi/node_modules/express/lib/router/index.js:317:13)
    at /home/pi/node-garagepi/node_modules/express/lib/router/index.js:284:7
    at Function.process_params (/home/pi/node-garagepi/node_modules/express/lib/router/index.js:335:12)
    at next (/home/pi/node-garagepi/node_modules/express/lib/router/index.js:275:10)
    at SendStream.error (/home/pi/node-garagepi/node_modules/express/node_modules/serve-static/index.js:121:7)
    at emitOne (events.js:116:13)
    at SendStream.emit (events.js:211:7)
    at SendStream.error (/home/pi/node-garagepi/node_modules/express/node_modules/send/index.js:270:17)
[0mGET /favicon.ico [33m404 [0m4.240 ms - 1080[0m
[[20:05:37]] [ERROR] Error: Not Found
    at /home/pi/node-garagepi/garagepi.js:66:13
    at Layer.handle [as handle_request] (/home/pi/node-garagepi/node_modules/express/lib/router/layer.js:95:5)
    at trim_prefix (/home/pi/node-garagepi/node_modules/express/lib/router/index.js:317:13)
    at /home/pi/node-garagepi/node_modules/express/lib/router/index.js:284:7
    at Function.process_params (/home/pi/node-garagepi/node_modules/express/lib/router/index.js:335:12)
    at next (/home/pi/node-garagepi/node_modules/express/lib/router/index.js:275:10)
    at SendStream.error (/home/pi/node-garagepi/node_modules/express/node_modules/serve-static/index.js:121:7)
    at emitOne (events.js:116:13)
    at SendStream.emit (events.js:211:7)
    at SendStream.error (/home/pi/node-garagepi/node_modules/express/node_modules/send/index.js:270:17)
[0mGET / [36m304 [0m6.652 ms - -[0m
[0mGET /javascripts/jquery-2.1.1.min.js [32m200 [0m177.236 ms - 84245[0m
[0mGET /favicon.ico [33m404 [0m4.029 ms - 1080[0m
[[20:11:05]] [ERROR] Error: Not Found
    at /home/pi/node-garagepi/garagepi.js:66:13
    at Layer.handle [as handle_request] (/home/pi/node-garagepi/node_modules/express/lib/router/layer.js:95:5)
    at trim_prefix (/home/pi/node-garagepi/node_modules/express/lib/router/index.js:317:13)
    at /home/pi/node-garagepi/node_modules/express/lib/router/index.js:284:7
    at Function.process_params (/home/pi/node-garagepi/node_modules/express/lib/router/index.js:335:12)
    at next (/home/pi/node-garagepi/node_modules/express/lib/router/index.js:275:10)
    at SendStream.error (/home/pi/node-garagepi/node_modules/express/node_modules/serve-static/index.js:121:7)
    at emitOne (events.js:116:13)
    at SendStream.emit (events.js:211:7)
    at SendStream.error (/home/pi/node-garagepi/node_modules/express/node_modules/send/index.js:270:17)
[0mGET / [36m304 [0m16.692 ms - -[0m
[0mGET /javascripts/jquery-2.1.1.min.js [36m304 [0m2.338 ms - -[0m
[0mGET / [36m304 [0m6.416 ms - -[0m
[0mGET /javascripts/jquery-2.1.1.min.js [36m304 [0m2.651 ms - -[0m
[0mGET /api/clickbutton [32m200 [0m42.897 ms - -[0m
[[00:05:53]] [LOG] gpioWrite, value: 1  seq: 0
[[00:05:54]] [LOG] gpioWrite, value: 0  seq: 
[[00:05:54]] [LOG] closing pin: 7
[0mGET /api/clickbutton [32m200 [0m43.290 ms - -[0m
[[01:04:37]] [LOG] gpioWrite, value: 1  seq: 0
[[01:04:37]] [LOG] gpioWrite, value: 0  seq: 
[[01:04:37]] [LOG] closing pin: 7
[0mGET /api/clickbutton [32m200 [0m42.998 ms - -[0m
[[01:04:41]] [LOG] gpioWrite, value: 1  seq: 0
[[01:04:42]] [LOG] gpioWrite, value: 0  seq: 
[[01:04:42]] [LOG] closing pin: 7
[0mGET /api/clickbutton [32m200 [0m46.517 ms - -[0m
[[01:04:47]] [LOG] gpioWrite, value: 1  seq: 0
[[01:04:47]] [LOG] gpioWrite, value: 0  seq: 
[[01:04:47]] [LOG] closing pin: 7
[0mGET /api/clickbutton [32m200 [0m43.209 ms - -[0m
[[01:08:37]] [LOG] gpioWrite, value: 1  seq: 0
[[01:08:38]] [LOG] gpioWrite, value: 0  seq: 
[[01:08:38]] [LOG] closing pin: 7
[0mGET /api/clickbutton [32m200 [0m42.966 ms - -[0m
[[01:08:41]] [LOG] gpioWrite, value: 1  seq: 0
[[01:08:42]] [LOG] gpioWrite, value: 0  seq: 
[[01:08:42]] [LOG] closing pin: 7
[0mGET /api/clickbutton [32m200 [0m46.119 ms - -[0m
[[01:08:45]] [LOG] gpioWrite, value: 1  seq: 0
[[01:08:46]] [LOG] gpioWrite, value: 0  seq: 
[[01:08:46]] [LOG] closing pin: 7
[0mGET / [36m304 [0m8.018 ms - -[0m
[0mGET /javascripts/jquery-2.1.1.min.js [36m304 [0m2.791 ms - -[0m
